2022-09-11 00:00:41.348  INFO 58568 --- [http-nio-8080-exec-10] c.c.s.controller.MainServiceController   : uploaded bygangfunction@gmail.com
2022-09-11 00:00:41.391  INFO 58568 --- [http-nio-8080-exec-10] c.c.s.controller.MainServiceController   : startDateSun Sep 11 2022 00:00:24 GMT+0900 (한국 표준시)
2022-09-11 00:00:46.422  INFO 58568 --- [http-nio-8080-exec-10] c.c.s.S.dao.FaceDataDaoJDBC              : 업로드 성공
2022-09-11 00:00:46.438  INFO 58568 --- [http-nio-8080-exec-10] c.c.s.S.dao.FaceDataDaoJDBC              : 업로드 성공
2022-09-11 00:00:46.443  INFO 58568 --- [http-nio-8080-exec-10] c.c.s.S.dao.FaceDataDaoJDBC              : 업로드 성공
2022-09-11 00:00:46.447  INFO 58568 --- [http-nio-8080-exec-10] c.c.s.S.dao.FaceDataDaoJDBC              : 업로드 성공
2022-09-11 00:00:46.458  INFO 58568 --- [http-nio-8080-exec-10] c.c.s.S.dao.FaceDataDaoJDBC              : 업로드 성공
2022-09-11 00:00:46.463  INFO 58568 --- [http-nio-8080-exec-10] c.c.s.S.dao.FaceDataDaoJDBC              : 업로드 성공
2022-09-11 00:00:46.466  INFO 58568 --- [http-nio-8080-exec-10] c.c.s.S.dao.FaceDataDaoJDBC              : 업로드 성공
2022-09-11 00:00:46.472  INFO 58568 --- [http-nio-8080-exec-10] c.c.s.S.dao.FaceDataDaoJDBC              : 업로드 성공
2022-09-11 00:13:47.060  INFO 58568 --- [http-nio-8080-exec-9] c.c.s.controller.MainServiceController   : uploaded bygangfunction@gmail.com
2022-09-11 00:13:47.061  INFO 58568 --- [http-nio-8080-exec-9] c.c.s.controller.MainServiceController   : startDateSun Sep 11 2022 00:13:16 GMT+0900 (한국 표준시)
2022-09-11 00:13:52.096  INFO 58568 --- [http-nio-8080-exec-9] c.c.s.S.dao.FaceDataDaoJDBC              : 업로드 성공
2022-09-11 00:13:52.112  INFO 58568 --- [http-nio-8080-exec-9] c.c.s.S.dao.FaceDataDaoJDBC              : 업로드 성공
2022-09-11 00:13:52.115  INFO 58568 --- [http-nio-8080-exec-9] c.c.s.S.dao.FaceDataDaoJDBC              : 업로드 성공
2022-09-11 00:13:52.119  INFO 58568 --- [http-nio-8080-exec-9] c.c.s.S.dao.FaceDataDaoJDBC              : 업로드 성공
2022-09-11 00:13:52.122  INFO 58568 --- [http-nio-8080-exec-9] c.c.s.S.dao.FaceDataDaoJDBC              : 업로드 성공
2022-09-11 00:13:52.125  INFO 58568 --- [http-nio-8080-exec-9] c.c.s.S.dao.FaceDataDaoJDBC              : 업로드 성공
2022-09-11 00:13:52.127  INFO 58568 --- [http-nio-8080-exec-9] c.c.s.S.dao.FaceDataDaoJDBC              : 업로드 성공
2022-09-11 00:13:52.131  INFO 58568 --- [http-nio-8080-exec-9] c.c.s.S.dao.FaceDataDaoJDBC              : 업로드 성공
2022-09-11 00:26:04.733  INFO 58568 --- [http-nio-8080-exec-1] c.c.s.controller.MainServiceController   : File(s) successfully uploaded
2022-09-11 00:26:04.734  INFO 58568 --- [http-nio-8080-exec-1] c.c.s.controller.MainServiceController   : Received message
2022-09-11 08:14:56.427  WARN 58568 --- [HikariPool-1 housekeeper] com.zaxxer.hikari.pool.HikariPool        : HikariPool-1 - Retrograde clock change detected (housekeeper delta=29s842ms), soft-evicting connections from pool.
2022-09-11 10:00:18.628  INFO 58568 --- [http-nio-8080-exec-5] c.c.s.controller.MainServiceController   : uploaded bygangfunction@gmail.com
2022-09-11 10:00:18.632  INFO 58568 --- [http-nio-8080-exec-5] c.c.s.controller.MainServiceController   : startDateSun Sep 11 2022 00:27:40 GMT+0900 (한국 표준시)
2022-09-11 10:00:18.676  INFO 58568 --- [http-nio-8080-exec-4] c.c.s.controller.MainServiceController   : File(s) successfully uploaded
2022-09-11 10:00:18.676  INFO 58568 --- [http-nio-8080-exec-4] c.c.s.controller.MainServiceController   : Received message
2022-09-11 10:00:18.715  INFO 58568 --- [http-nio-8080-exec-5] c.c.s.S.dao.FaceDataDaoJDBC              : 업로드 성공
2022-09-11 10:00:18.722  INFO 58568 --- [http-nio-8080-exec-5] c.c.s.S.dao.FaceDataDaoJDBC              : 업로드 성공
2022-09-11 10:00:18.724  INFO 58568 --- [http-nio-8080-exec-5] c.c.s.S.dao.FaceDataDaoJDBC              : 업로드 성공
2022-09-11 10:00:18.727  INFO 58568 --- [http-nio-8080-exec-5] c.c.s.S.dao.FaceDataDaoJDBC              : 업로드 성공
2022-09-11 10:00:18.730  INFO 58568 --- [http-nio-8080-exec-5] c.c.s.S.dao.FaceDataDaoJDBC              : 업로드 성공
2022-09-11 10:00:18.732  INFO 58568 --- [http-nio-8080-exec-5] c.c.s.S.dao.FaceDataDaoJDBC              : 업로드 성공
2022-09-11 10:00:18.734  INFO 58568 --- [http-nio-8080-exec-5] c.c.s.S.dao.FaceDataDaoJDBC              : 업로드 성공
2022-09-11 10:00:18.736  INFO 58568 --- [http-nio-8080-exec-5] c.c.s.S.dao.FaceDataDaoJDBC              : 업로드 성공
2022-09-11 10:11:10.249  INFO 945 --- [restartedMain] c.c.CatchvbackendApplication             : Starting CatchvbackendApplication using Java 17.0.1 on MacBook-Pro.local with PID 945 (/Users/leegangju/Downloads/github/catchvbackend/out/production/classes started by leegangju in /Users/leegangju/Downloads/github/catchvbackend)
2022-09-11 10:11:10.250  INFO 945 --- [restartedMain] c.c.CatchvbackendApplication             : No active profile set, falling back to 1 default profile: "default"
2022-09-11 10:11:10.533  INFO 945 --- [restartedMain] .e.DevToolsPropertyDefaultsPostProcessor : Devtools property defaults active! Set 'spring.devtools.add-properties' to 'false' to disable
2022-09-11 10:11:10.534  INFO 945 --- [restartedMain] .e.DevToolsPropertyDefaultsPostProcessor : For additional web related logging consider setting the 'logging.level.web' property to 'DEBUG'
2022-09-11 10:11:11.634  INFO 945 --- [restartedMain] .s.d.r.c.RepositoryConfigurationDelegate : Multiple Spring Data modules found, entering strict repository configuration mode
2022-09-11 10:11:11.636  INFO 945 --- [restartedMain] .s.d.r.c.RepositoryConfigurationDelegate : Bootstrapping Spring Data JDBC repositories in DEFAULT mode.
2022-09-11 10:11:11.655  INFO 945 --- [restartedMain] .s.d.r.c.RepositoryConfigurationDelegate : Finished Spring Data repository scanning in 16 ms. Found 0 JDBC repository interfaces.
2022-09-11 10:11:11.668  INFO 945 --- [restartedMain] .s.d.r.c.RepositoryConfigurationDelegate : Multiple Spring Data modules found, entering strict repository configuration mode
2022-09-11 10:11:11.669  INFO 945 --- [restartedMain] .s.d.r.c.RepositoryConfigurationDelegate : Bootstrapping Spring Data JPA repositories in DEFAULT mode.
2022-09-11 10:11:11.676  INFO 945 --- [restartedMain] .s.d.r.c.RepositoryConfigurationDelegate : Finished Spring Data repository scanning in 2 ms. Found 0 JPA repository interfaces.
2022-09-11 10:11:12.451  INFO 945 --- [restartedMain] o.s.b.w.embedded.tomcat.TomcatWebServer  : Tomcat initialized with port(s): 8080 (http)
2022-09-11 10:11:12.464  INFO 945 --- [restartedMain] o.apache.catalina.core.StandardService   : Starting service [Tomcat]
2022-09-11 10:11:12.465  INFO 945 --- [restartedMain] org.apache.catalina.core.StandardEngine  : Starting Servlet engine: [Apache Tomcat/9.0.65]
2022-09-11 10:11:12.531  INFO 945 --- [restartedMain] o.a.c.c.C.[Tomcat].[localhost].[/]       : Initializing Spring embedded WebApplicationContext
2022-09-11 10:11:12.535  INFO 945 --- [restartedMain] w.s.c.ServletWebServerApplicationContext : Root WebApplicationContext: initialization completed in 1996 ms
2022-09-11 10:11:12.712  INFO 945 --- [restartedMain] com.zaxxer.hikari.HikariDataSource       : HikariPool-1 - Starting...
2022-09-11 10:11:13.162  INFO 945 --- [restartedMain] com.zaxxer.hikari.HikariDataSource       : HikariPool-1 - Start completed.
2022-09-11 10:11:13.216  INFO 945 --- [restartedMain] o.hibernate.jpa.internal.util.LogHelper  : HHH000204: Processing PersistenceUnitInfo [name: default]
2022-09-11 10:11:13.254  INFO 945 --- [restartedMain] org.hibernate.Version                    : HHH000412: Hibernate ORM core version 5.6.10.Final
2022-09-11 10:11:13.386  INFO 945 --- [restartedMain] o.hibernate.annotations.common.Version   : HCANN000001: Hibernate Commons Annotations {5.1.2.Final}
2022-09-11 10:11:13.480  INFO 945 --- [restartedMain] org.hibernate.dialect.Dialect            : HHH000400: Using dialect: org.hibernate.dialect.MySQL8Dialect
2022-09-11 10:11:13.610  INFO 945 --- [restartedMain] o.h.e.t.j.p.i.JtaPlatformInitiator       : HHH000490: Using JtaPlatform implementation: [org.hibernate.engine.transaction.jta.platform.internal.NoJtaPlatform]
2022-09-11 10:11:13.615  INFO 945 --- [restartedMain] j.LocalContainerEntityManagerFactoryBean : Initialized JPA EntityManagerFactory for persistence unit 'default'
2022-09-11 10:11:13.733  WARN 945 --- [restartedMain] JpaBaseConfiguration$JpaWebConfiguration : spring.jpa.open-in-view is enabled by default. Therefore, database queries may be performed during view rendering. Explicitly configure spring.jpa.open-in-view to disable this warning
2022-09-11 10:11:14.759  WARN 945 --- [restartedMain] o.s.b.d.a.OptionalLiveReloadServer       : Unable to start LiveReload server
2022-09-11 10:11:14.790  WARN 945 --- [restartedMain] ConfigServletWebServerApplicationContext : Exception encountered during context initialization - cancelling refresh attempt: org.springframework.context.ApplicationContextException: Failed to start bean 'webServerStartStop'; nested exception is org.springframework.boot.web.server.PortInUseException: Port 8080 is already in use
2022-09-11 10:11:14.802  INFO 945 --- [restartedMain] j.LocalContainerEntityManagerFactoryBean : Closing JPA EntityManagerFactory for persistence unit 'default'
2022-09-11 10:11:14.806  INFO 945 --- [restartedMain] com.zaxxer.hikari.HikariDataSource       : HikariPool-1 - Shutdown initiated...
2022-09-11 10:11:14.821  INFO 945 --- [restartedMain] com.zaxxer.hikari.HikariDataSource       : HikariPool-1 - Shutdown completed.
2022-09-11 10:11:14.825  INFO 945 --- [restartedMain] o.apache.catalina.core.StandardService   : Stopping service [Tomcat]
2022-09-11 10:11:14.841  INFO 945 --- [restartedMain] ConditionEvaluationReportLoggingListener : 

Error starting ApplicationContext. To display the conditions report re-run your application with 'debug' enabled.
2022-09-11 10:11:14.855 ERROR 945 --- [restartedMain] o.s.b.d.LoggingFailureAnalysisReporter   : 

***************************
APPLICATION FAILED TO START
***************************

Description:

Web server failed to start. Port 8080 was already in use.

Action:

Identify and stop the process that's listening on port 8080 or configure this application to listen on another port.

2022-09-11 10:12:10.762  INFO 58568 --- [SpringApplicationShutdownHook] j.LocalContainerEntityManagerFactoryBean : Closing JPA EntityManagerFactory for persistence unit 'default'
2022-09-11 10:12:10.774  INFO 58568 --- [SpringApplicationShutdownHook] com.zaxxer.hikari.HikariDataSource       : HikariPool-1 - Shutdown initiated...
2022-09-11 10:12:10.785  INFO 58568 --- [SpringApplicationShutdownHook] com.zaxxer.hikari.HikariDataSource       : HikariPool-1 - Shutdown completed.
2022-09-11 10:12:19.525  INFO 1686 --- [restartedMain] c.c.CatchvbackendApplication             : Starting CatchvbackendApplication using Java 17.0.1 on MacBook-Pro.local with PID 1686 (/Users/leegangju/Downloads/github/catchvbackend/out/production/classes started by leegangju in /Users/leegangju/Downloads/github/catchvbackend)
2022-09-11 10:12:19.528  INFO 1686 --- [restartedMain] c.c.CatchvbackendApplication             : No active profile set, falling back to 1 default profile: "default"
2022-09-11 10:12:19.811  INFO 1686 --- [restartedMain] .e.DevToolsPropertyDefaultsPostProcessor : Devtools property defaults active! Set 'spring.devtools.add-properties' to 'false' to disable
2022-09-11 10:12:19.812  INFO 1686 --- [restartedMain] .e.DevToolsPropertyDefaultsPostProcessor : For additional web related logging consider setting the 'logging.level.web' property to 'DEBUG'
2022-09-11 10:12:20.718  INFO 1686 --- [restartedMain] .s.d.r.c.RepositoryConfigurationDelegate : Multiple Spring Data modules found, entering strict repository configuration mode
2022-09-11 10:12:20.719  INFO 1686 --- [restartedMain] .s.d.r.c.RepositoryConfigurationDelegate : Bootstrapping Spring Data JDBC repositories in DEFAULT mode.
2022-09-11 10:12:20.735  INFO 1686 --- [restartedMain] .s.d.r.c.RepositoryConfigurationDelegate : Finished Spring Data repository scanning in 13 ms. Found 0 JDBC repository interfaces.
2022-09-11 10:12:20.744  INFO 1686 --- [restartedMain] .s.d.r.c.RepositoryConfigurationDelegate : Multiple Spring Data modules found, entering strict repository configuration mode
2022-09-11 10:12:20.745  INFO 1686 --- [restartedMain] .s.d.r.c.RepositoryConfigurationDelegate : Bootstrapping Spring Data JPA repositories in DEFAULT mode.
2022-09-11 10:12:20.749  INFO 1686 --- [restartedMain] .s.d.r.c.RepositoryConfigurationDelegate : Finished Spring Data repository scanning in 1 ms. Found 0 JPA repository interfaces.
2022-09-11 10:12:21.419  INFO 1686 --- [restartedMain] o.s.b.w.embedded.tomcat.TomcatWebServer  : Tomcat initialized with port(s): 8080 (http)
2022-09-11 10:12:21.427  INFO 1686 --- [restartedMain] o.apache.catalina.core.StandardService   : Starting service [Tomcat]
2022-09-11 10:12:21.427  INFO 1686 --- [restartedMain] org.apache.catalina.core.StandardEngine  : Starting Servlet engine: [Apache Tomcat/9.0.65]
2022-09-11 10:12:21.513  INFO 1686 --- [restartedMain] o.a.c.c.C.[Tomcat].[localhost].[/]       : Initializing Spring embedded WebApplicationContext
2022-09-11 10:12:21.514  INFO 1686 --- [restartedMain] w.s.c.ServletWebServerApplicationContext : Root WebApplicationContext: initialization completed in 1701 ms
2022-09-11 10:12:21.652  INFO 1686 --- [restartedMain] com.zaxxer.hikari.HikariDataSource       : HikariPool-1 - Starting...
2022-09-11 10:12:21.994  INFO 1686 --- [restartedMain] com.zaxxer.hikari.HikariDataSource       : HikariPool-1 - Start completed.
2022-09-11 10:12:22.039  INFO 1686 --- [restartedMain] o.hibernate.jpa.internal.util.LogHelper  : HHH000204: Processing PersistenceUnitInfo [name: default]
2022-09-11 10:12:22.068  INFO 1686 --- [restartedMain] org.hibernate.Version                    : HHH000412: Hibernate ORM core version 5.6.10.Final
2022-09-11 10:12:22.169  INFO 1686 --- [restartedMain] o.hibernate.annotations.common.Version   : HCANN000001: Hibernate Commons Annotations {5.1.2.Final}
2022-09-11 10:12:22.243  INFO 1686 --- [restartedMain] org.hibernate.dialect.Dialect            : HHH000400: Using dialect: org.hibernate.dialect.MySQL8Dialect
2022-09-11 10:12:22.353  INFO 1686 --- [restartedMain] o.h.e.t.j.p.i.JtaPlatformInitiator       : HHH000490: Using JtaPlatform implementation: [org.hibernate.engine.transaction.jta.platform.internal.NoJtaPlatform]
2022-09-11 10:12:22.358  INFO 1686 --- [restartedMain] j.LocalContainerEntityManagerFactoryBean : Initialized JPA EntityManagerFactory for persistence unit 'default'
2022-09-11 10:12:22.500  WARN 1686 --- [restartedMain] JpaBaseConfiguration$JpaWebConfiguration : spring.jpa.open-in-view is enabled by default. Therefore, database queries may be performed during view rendering. Explicitly configure spring.jpa.open-in-view to disable this warning
2022-09-11 10:12:23.404  INFO 1686 --- [restartedMain] o.s.b.d.a.OptionalLiveReloadServer       : LiveReload server is running on port 35729
2022-09-11 10:12:23.441  INFO 1686 --- [restartedMain] o.s.b.w.embedded.tomcat.TomcatWebServer  : Tomcat started on port(s): 8080 (http) with context path ''
2022-09-11 10:12:23.459  INFO 1686 --- [restartedMain] c.c.CatchvbackendApplication             : Started CatchvbackendApplication in 4.288 seconds (JVM running for 5.079)
2022-09-11 10:13:16.303  INFO 1686 --- [http-nio-8080-exec-1] o.a.c.c.C.[Tomcat].[localhost].[/]       : Initializing Spring DispatcherServlet 'dispatcherServlet'
2022-09-11 10:13:16.304  INFO 1686 --- [http-nio-8080-exec-1] o.s.web.servlet.DispatcherServlet        : Initializing Servlet 'dispatcherServlet'
2022-09-11 10:13:16.305  INFO 1686 --- [http-nio-8080-exec-1] o.s.web.servlet.DispatcherServlet        : Completed initialization in 1 ms
2022-09-11 10:13:16.522  INFO 1686 --- [http-nio-8080-exec-1] c.c.s.controller.MainServiceController   : uploaded bygangfunction@gmail.com
2022-09-11 10:13:16.525  INFO 1686 --- [http-nio-8080-exec-1] c.c.s.controller.MainServiceController   : startDateSun Sep 11 2022 10:13:04 GMT+0900 (한국 표준시)
2022-09-11 10:13:16.610  INFO 1686 --- [http-nio-8080-exec-2] c.c.s.controller.MainServiceController   : File(s) successfully uploaded
2022-09-11 10:13:16.610  INFO 1686 --- [http-nio-8080-exec-2] c.c.s.controller.MainServiceController   : Received message
2022-09-11 10:13:16.677  INFO 1686 --- [http-nio-8080-exec-1] c.c.s.S.dao.FaceDataDaoJDBC              : 업로드 성공
2022-09-11 10:13:16.689  INFO 1686 --- [http-nio-8080-exec-1] c.c.s.S.dao.FaceDataDaoJDBC              : 업로드 성공
2022-09-11 10:13:16.691  INFO 1686 --- [http-nio-8080-exec-1] c.c.s.S.dao.FaceDataDaoJDBC              : 업로드 성공
2022-09-11 10:13:16.696  INFO 1686 --- [http-nio-8080-exec-1] c.c.s.S.dao.FaceDataDaoJDBC              : 업로드 성공
2022-09-11 10:13:16.715  INFO 1686 --- [http-nio-8080-exec-1] c.c.s.S.dao.FaceDataDaoJDBC              : 업로드 성공
2022-09-11 10:13:16.721  INFO 1686 --- [http-nio-8080-exec-1] c.c.s.S.dao.FaceDataDaoJDBC              : 업로드 성공
2022-09-11 10:13:16.723  INFO 1686 --- [http-nio-8080-exec-1] c.c.s.S.dao.FaceDataDaoJDBC              : 업로드 성공
2022-09-11 10:13:16.728  INFO 1686 --- [http-nio-8080-exec-1] c.c.s.S.dao.FaceDataDaoJDBC              : 업로드 성공
2022-09-11 10:15:52.825  INFO 1686 --- [http-nio-8080-exec-5] c.c.s.controller.MainServiceController   : uploaded bygangfunction@gmail.com
2022-09-11 10:15:52.825  INFO 1686 --- [http-nio-8080-exec-5] c.c.s.controller.MainServiceController   : startDateMon Jul 11 2022 10:15:22 GMT+0900 (한국 표준시)
2022-09-11 10:15:52.850  INFO 1686 --- [http-nio-8080-exec-6] c.c.s.controller.MainServiceController   : File(s) successfully uploaded
2022-09-11 10:15:52.851  INFO 1686 --- [http-nio-8080-exec-6] c.c.s.controller.MainServiceController   : Received message
2022-09-11 10:15:52.865  INFO 1686 --- [http-nio-8080-exec-5] c.c.s.S.dao.FaceDataDaoJDBC              : 업로드 성공
2022-09-11 10:15:52.871  INFO 1686 --- [http-nio-8080-exec-5] c.c.s.S.dao.FaceDataDaoJDBC              : 업로드 성공
2022-09-11 10:15:52.873  INFO 1686 --- [http-nio-8080-exec-5] c.c.s.S.dao.FaceDataDaoJDBC              : 업로드 성공
2022-09-11 10:15:52.877  INFO 1686 --- [http-nio-8080-exec-5] c.c.s.S.dao.FaceDataDaoJDBC              : 업로드 성공
2022-09-11 10:15:52.879  INFO 1686 --- [http-nio-8080-exec-5] c.c.s.S.dao.FaceDataDaoJDBC              : 업로드 성공
2022-09-11 10:15:52.882  INFO 1686 --- [http-nio-8080-exec-5] c.c.s.S.dao.FaceDataDaoJDBC              : 업로드 성공
2022-09-11 10:15:52.884  INFO 1686 --- [http-nio-8080-exec-5] c.c.s.S.dao.FaceDataDaoJDBC              : 업로드 성공
2022-09-11 10:15:52.887  INFO 1686 --- [http-nio-8080-exec-5] c.c.s.S.dao.FaceDataDaoJDBC              : 업로드 성공
2022-09-11 10:16:51.277  INFO 1686 --- [SpringApplicationShutdownHook] j.LocalContainerEntityManagerFactoryBean : Closing JPA EntityManagerFactory for persistence unit 'default'
2022-09-11 10:16:51.286  INFO 1686 --- [SpringApplicationShutdownHook] com.zaxxer.hikari.HikariDataSource       : HikariPool-1 - Shutdown initiated...
2022-09-11 10:16:51.297  INFO 1686 --- [SpringApplicationShutdownHook] com.zaxxer.hikari.HikariDataSource       : HikariPool-1 - Shutdown completed.
2022-09-11 10:16:57.319  INFO 2027 --- [restartedMain] c.c.CatchvbackendApplication             : Starting CatchvbackendApplication using Java 17.0.1 on MacBook-Pro.local with PID 2027 (/Users/leegangju/Downloads/github/catchvbackend/out/production/classes started by leegangju in /Users/leegangju/Downloads/github/catchvbackend)
2022-09-11 10:16:57.325  INFO 2027 --- [restartedMain] c.c.CatchvbackendApplication             : No active profile set, falling back to 1 default profile: "default"
2022-09-11 10:16:57.567  INFO 2027 --- [restartedMain] .e.DevToolsPropertyDefaultsPostProcessor : Devtools property defaults active! Set 'spring.devtools.add-properties' to 'false' to disable
2022-09-11 10:16:57.568  INFO 2027 --- [restartedMain] .e.DevToolsPropertyDefaultsPostProcessor : For additional web related logging consider setting the 'logging.level.web' property to 'DEBUG'
2022-09-11 10:16:58.347  INFO 2027 --- [restartedMain] .s.d.r.c.RepositoryConfigurationDelegate : Multiple Spring Data modules found, entering strict repository configuration mode
2022-09-11 10:16:58.348  INFO 2027 --- [restartedMain] .s.d.r.c.RepositoryConfigurationDelegate : Bootstrapping Spring Data JDBC repositories in DEFAULT mode.
2022-09-11 10:16:58.364  INFO 2027 --- [restartedMain] .s.d.r.c.RepositoryConfigurationDelegate : Finished Spring Data repository scanning in 13 ms. Found 0 JDBC repository interfaces.
2022-09-11 10:16:58.374  INFO 2027 --- [restartedMain] .s.d.r.c.RepositoryConfigurationDelegate : Multiple Spring Data modules found, entering strict repository configuration mode
2022-09-11 10:16:58.374  INFO 2027 --- [restartedMain] .s.d.r.c.RepositoryConfigurationDelegate : Bootstrapping Spring Data JPA repositories in DEFAULT mode.
2022-09-11 10:16:58.379  INFO 2027 --- [restartedMain] .s.d.r.c.RepositoryConfigurationDelegate : Finished Spring Data repository scanning in 1 ms. Found 0 JPA repository interfaces.
2022-09-11 10:16:59.072  INFO 2027 --- [restartedMain] o.s.b.w.embedded.tomcat.TomcatWebServer  : Tomcat initialized with port(s): 8080 (http)
2022-09-11 10:16:59.080  INFO 2027 --- [restartedMain] o.apache.catalina.core.StandardService   : Starting service [Tomcat]
2022-09-11 10:16:59.080  INFO 2027 --- [restartedMain] org.apache.catalina.core.StandardEngine  : Starting Servlet engine: [Apache Tomcat/9.0.65]
2022-09-11 10:16:59.149  INFO 2027 --- [restartedMain] o.a.c.c.C.[Tomcat].[localhost].[/]       : Initializing Spring embedded WebApplicationContext
2022-09-11 10:16:59.150  INFO 2027 --- [restartedMain] w.s.c.ServletWebServerApplicationContext : Root WebApplicationContext: initialization completed in 1582 ms
2022-09-11 10:16:59.278  INFO 2027 --- [restartedMain] com.zaxxer.hikari.HikariDataSource       : HikariPool-1 - Starting...
2022-09-11 10:16:59.600  INFO 2027 --- [restartedMain] com.zaxxer.hikari.HikariDataSource       : HikariPool-1 - Start completed.
2022-09-11 10:16:59.647  INFO 2027 --- [restartedMain] o.hibernate.jpa.internal.util.LogHelper  : HHH000204: Processing PersistenceUnitInfo [name: default]
2022-09-11 10:16:59.676  INFO 2027 --- [restartedMain] org.hibernate.Version                    : HHH000412: Hibernate ORM core version 5.6.10.Final
2022-09-11 10:16:59.771  INFO 2027 --- [restartedMain] o.hibernate.annotations.common.Version   : HCANN000001: Hibernate Commons Annotations {5.1.2.Final}
2022-09-11 10:16:59.851  INFO 2027 --- [restartedMain] org.hibernate.dialect.Dialect            : HHH000400: Using dialect: org.hibernate.dialect.MySQL8Dialect
2022-09-11 10:16:59.960  INFO 2027 --- [restartedMain] o.h.e.t.j.p.i.JtaPlatformInitiator       : HHH000490: Using JtaPlatform implementation: [org.hibernate.engine.transaction.jta.platform.internal.NoJtaPlatform]
2022-09-11 10:16:59.965  INFO 2027 --- [restartedMain] j.LocalContainerEntityManagerFactoryBean : Initialized JPA EntityManagerFactory for persistence unit 'default'
2022-09-11 10:17:00.085  WARN 2027 --- [restartedMain] JpaBaseConfiguration$JpaWebConfiguration : spring.jpa.open-in-view is enabled by default. Therefore, database queries may be performed during view rendering. Explicitly configure spring.jpa.open-in-view to disable this warning
2022-09-11 10:17:01.048  INFO 2027 --- [restartedMain] o.s.b.d.a.OptionalLiveReloadServer       : LiveReload server is running on port 35729
2022-09-11 10:17:01.086  INFO 2027 --- [restartedMain] o.s.b.w.embedded.tomcat.TomcatWebServer  : Tomcat started on port(s): 8080 (http) with context path ''
2022-09-11 10:17:01.104  INFO 2027 --- [restartedMain] c.c.CatchvbackendApplication             : Started CatchvbackendApplication in 4.167 seconds (JVM running for 5.166)
2022-09-11 10:17:22.114  INFO 2027 --- [http-nio-8080-exec-1] o.a.c.c.C.[Tomcat].[localhost].[/]       : Initializing Spring DispatcherServlet 'dispatcherServlet'
2022-09-11 10:17:22.114  INFO 2027 --- [http-nio-8080-exec-1] o.s.web.servlet.DispatcherServlet        : Initializing Servlet 'dispatcherServlet'
2022-09-11 10:17:22.116  INFO 2027 --- [http-nio-8080-exec-1] o.s.web.servlet.DispatcherServlet        : Completed initialization in 2 ms
2022-09-11 10:17:22.304  INFO 2027 --- [http-nio-8080-exec-1] c.c.s.controller.MainServiceController   : uploaded bygangfunction@gmail.com
2022-09-11 10:17:22.307  INFO 2027 --- [http-nio-8080-exec-1] c.c.s.controller.MainServiceController   : startDateTue Jul 12 2022 10:17:09 GMT+0900 (한국 표준시)
2022-09-11 10:17:22.388  INFO 2027 --- [http-nio-8080-exec-2] c.c.s.controller.MainServiceController   : File(s) successfully uploaded
2022-09-11 10:17:22.388  INFO 2027 --- [http-nio-8080-exec-2] c.c.s.controller.MainServiceController   : Received message
2022-09-11 10:17:22.432  INFO 2027 --- [http-nio-8080-exec-1] c.c.s.S.dao.FaceDataDaoJDBC              : Tue Jul 12 2022 10:17:09 GMT+0900 (한국 표준시)
2022-09-11 10:17:22.458  INFO 2027 --- [http-nio-8080-exec-1] c.c.s.S.dao.FaceDataDaoJDBC              : 업로드 성공
2022-09-11 10:17:22.459  INFO 2027 --- [http-nio-8080-exec-1] c.c.s.S.dao.FaceDataDaoJDBC              : Tue Jul 12 2022 10:17:09 GMT+0900 (한국 표준시)
2022-09-11 10:17:22.472  INFO 2027 --- [http-nio-8080-exec-1] c.c.s.S.dao.FaceDataDaoJDBC              : 업로드 성공
2022-09-11 10:17:22.476  INFO 2027 --- [http-nio-8080-exec-1] c.c.s.S.dao.FaceDataDaoJDBC              : Tue Jul 12 2022 10:17:09 GMT+0900 (한국 표준시)
2022-09-11 10:17:22.478  INFO 2027 --- [http-nio-8080-exec-1] c.c.s.S.dao.FaceDataDaoJDBC              : 업로드 성공
2022-09-11 10:17:22.479  INFO 2027 --- [http-nio-8080-exec-1] c.c.s.S.dao.FaceDataDaoJDBC              : Tue Jul 12 2022 10:17:09 GMT+0900 (한국 표준시)
2022-09-11 10:17:22.483  INFO 2027 --- [http-nio-8080-exec-1] c.c.s.S.dao.FaceDataDaoJDBC              : 업로드 성공
2022-09-11 10:17:22.484  INFO 2027 --- [http-nio-8080-exec-1] c.c.s.S.dao.FaceDataDaoJDBC              : Tue Jul 12 2022 10:17:09 GMT+0900 (한국 표준시)
2022-09-11 10:17:22.490  INFO 2027 --- [http-nio-8080-exec-1] c.c.s.S.dao.FaceDataDaoJDBC              : 업로드 성공
2022-09-11 10:17:22.491  INFO 2027 --- [http-nio-8080-exec-1] c.c.s.S.dao.FaceDataDaoJDBC              : Tue Jul 12 2022 10:17:09 GMT+0900 (한국 표준시)
2022-09-11 10:17:22.495  INFO 2027 --- [http-nio-8080-exec-1] c.c.s.S.dao.FaceDataDaoJDBC              : 업로드 성공
2022-09-11 10:17:22.495  INFO 2027 --- [http-nio-8080-exec-1] c.c.s.S.dao.FaceDataDaoJDBC              : Tue Jul 12 2022 10:17:09 GMT+0900 (한국 표준시)
2022-09-11 10:17:22.497  INFO 2027 --- [http-nio-8080-exec-1] c.c.s.S.dao.FaceDataDaoJDBC              : 업로드 성공
2022-09-11 10:17:22.497  INFO 2027 --- [http-nio-8080-exec-1] c.c.s.S.dao.FaceDataDaoJDBC              : Tue Jul 12 2022 10:17:09 GMT+0900 (한국 표준시)
2022-09-11 10:17:22.499  INFO 2027 --- [http-nio-8080-exec-1] c.c.s.S.dao.FaceDataDaoJDBC              : 업로드 성공
2022-09-11 10:19:31.768  INFO 2027 --- [http-nio-8080-exec-5] c.c.s.controller.MainServiceController   : uploaded bygangfunction@gmail.com
2022-09-11 10:19:31.768  INFO 2027 --- [http-nio-8080-exec-5] c.c.s.controller.MainServiceController   : startDateTue Jul 05 2022 10:19:19 GMT+0900 (한국 표준시)
2022-09-11 10:19:31.797  INFO 2027 --- [http-nio-8080-exec-6] c.c.s.controller.MainServiceController   : File(s) successfully uploaded
2022-09-11 10:19:31.797  INFO 2027 --- [http-nio-8080-exec-6] c.c.s.controller.MainServiceController   : Received message
2022-09-11 10:19:31.809  INFO 2027 --- [http-nio-8080-exec-5] c.c.s.S.dao.FaceDataDaoJDBC              : Tue Jul 05 2022 10:19:19 GMT+0900 (한국 표준시)
2022-09-11 10:19:31.813  INFO 2027 --- [http-nio-8080-exec-5] c.c.s.S.dao.FaceDataDaoJDBC              : 업로드 성공
2022-09-11 10:19:31.813  INFO 2027 --- [http-nio-8080-exec-5] c.c.s.S.dao.FaceDataDaoJDBC              : Tue Jul 05 2022 10:19:19 GMT+0900 (한국 표준시)
2022-09-11 10:19:31.821  INFO 2027 --- [http-nio-8080-exec-5] c.c.s.S.dao.FaceDataDaoJDBC              : 업로드 성공
2022-09-11 10:19:31.821  INFO 2027 --- [http-nio-8080-exec-5] c.c.s.S.dao.FaceDataDaoJDBC              : Tue Jul 05 2022 10:19:19 GMT+0900 (한국 표준시)
2022-09-11 10:19:31.824  INFO 2027 --- [http-nio-8080-exec-5] c.c.s.S.dao.FaceDataDaoJDBC              : 업로드 성공
2022-09-11 10:19:31.824  INFO 2027 --- [http-nio-8080-exec-5] c.c.s.S.dao.FaceDataDaoJDBC              : Tue Jul 05 2022 10:19:19 GMT+0900 (한국 표준시)
2022-09-11 10:19:31.828  INFO 2027 --- [http-nio-8080-exec-5] c.c.s.S.dao.FaceDataDaoJDBC              : 업로드 성공
2022-09-11 10:19:31.828  INFO 2027 --- [http-nio-8080-exec-5] c.c.s.S.dao.FaceDataDaoJDBC              : Tue Jul 05 2022 10:19:19 GMT+0900 (한국 표준시)
2022-09-11 10:19:31.831  INFO 2027 --- [http-nio-8080-exec-5] c.c.s.S.dao.FaceDataDaoJDBC              : 업로드 성공
2022-09-11 10:19:31.831  INFO 2027 --- [http-nio-8080-exec-5] c.c.s.S.dao.FaceDataDaoJDBC              : Tue Jul 05 2022 10:19:19 GMT+0900 (한국 표준시)
2022-09-11 10:19:31.834  INFO 2027 --- [http-nio-8080-exec-5] c.c.s.S.dao.FaceDataDaoJDBC              : 업로드 성공
2022-09-11 10:19:31.834  INFO 2027 --- [http-nio-8080-exec-5] c.c.s.S.dao.FaceDataDaoJDBC              : Tue Jul 05 2022 10:19:19 GMT+0900 (한국 표준시)
2022-09-11 10:19:31.836  INFO 2027 --- [http-nio-8080-exec-5] c.c.s.S.dao.FaceDataDaoJDBC              : 업로드 성공
2022-09-11 10:19:31.836  INFO 2027 --- [http-nio-8080-exec-5] c.c.s.S.dao.FaceDataDaoJDBC              : Tue Jul 05 2022 10:19:19 GMT+0900 (한국 표준시)
2022-09-11 10:19:31.838  INFO 2027 --- [http-nio-8080-exec-5] c.c.s.S.dao.FaceDataDaoJDBC              : 업로드 성공
2022-09-11 10:25:58.212  INFO 2027 --- [http-nio-8080-exec-9] c.c.s.controller.MainServiceController   : uploaded bygangfunction@gmail.com
2022-09-11 10:25:58.213  INFO 2027 --- [http-nio-8080-exec-9] c.c.s.controller.MainServiceController   : startDateTue Jul 12 2022 10:25:45 GMT+0900 (한국 표준시)
2022-09-11 10:25:58.270  INFO 2027 --- [http-nio-8080-exec-10] c.c.s.controller.MainServiceController   : File(s) successfully uploaded
2022-09-11 10:25:58.271  INFO 2027 --- [http-nio-8080-exec-10] c.c.s.controller.MainServiceController   : Received message
2022-09-11 10:25:58.282  INFO 2027 --- [http-nio-8080-exec-9] c.c.s.S.dao.FaceDataDaoJDBC              : Tue Jul 12 2022 10:25:45 GMT+0900 (한국 표준시)
2022-09-11 10:25:58.290  INFO 2027 --- [http-nio-8080-exec-9] c.c.s.S.dao.FaceDataDaoJDBC              : 업로드 성공
2022-09-11 10:25:58.291  INFO 2027 --- [http-nio-8080-exec-9] c.c.s.S.dao.FaceDataDaoJDBC              : Tue Jul 12 2022 10:25:45 GMT+0900 (한국 표준시)
2022-09-11 10:25:58.302  INFO 2027 --- [http-nio-8080-exec-9] c.c.s.S.dao.FaceDataDaoJDBC              : 업로드 성공
2022-09-11 10:25:58.302  INFO 2027 --- [http-nio-8080-exec-9] c.c.s.S.dao.FaceDataDaoJDBC              : Tue Jul 12 2022 10:25:45 GMT+0900 (한국 표준시)
2022-09-11 10:25:58.304  INFO 2027 --- [http-nio-8080-exec-9] c.c.s.S.dao.FaceDataDaoJDBC              : 업로드 성공
2022-09-11 10:25:58.305  INFO 2027 --- [http-nio-8080-exec-9] c.c.s.S.dao.FaceDataDaoJDBC              : Tue Jul 12 2022 10:25:45 GMT+0900 (한국 표준시)
2022-09-11 10:25:58.315  INFO 2027 --- [http-nio-8080-exec-9] c.c.s.S.dao.FaceDataDaoJDBC              : 업로드 성공
2022-09-11 10:25:58.316  INFO 2027 --- [http-nio-8080-exec-9] c.c.s.S.dao.FaceDataDaoJDBC              : Tue Jul 12 2022 10:25:45 GMT+0900 (한국 표준시)
2022-09-11 10:25:58.319  INFO 2027 --- [http-nio-8080-exec-9] c.c.s.S.dao.FaceDataDaoJDBC              : 업로드 성공
2022-09-11 10:25:58.319  INFO 2027 --- [http-nio-8080-exec-9] c.c.s.S.dao.FaceDataDaoJDBC              : Tue Jul 12 2022 10:25:45 GMT+0900 (한국 표준시)
2022-09-11 10:25:58.322  INFO 2027 --- [http-nio-8080-exec-9] c.c.s.S.dao.FaceDataDaoJDBC              : 업로드 성공
2022-09-11 10:25:58.322  INFO 2027 --- [http-nio-8080-exec-9] c.c.s.S.dao.FaceDataDaoJDBC              : Tue Jul 12 2022 10:25:45 GMT+0900 (한국 표준시)
2022-09-11 10:25:58.325  INFO 2027 --- [http-nio-8080-exec-9] c.c.s.S.dao.FaceDataDaoJDBC              : 업로드 성공
2022-09-11 10:25:58.325  INFO 2027 --- [http-nio-8080-exec-9] c.c.s.S.dao.FaceDataDaoJDBC              : Tue Jul 12 2022 10:25:45 GMT+0900 (한국 표준시)
2022-09-11 10:25:58.327  INFO 2027 --- [http-nio-8080-exec-9] c.c.s.S.dao.FaceDataDaoJDBC              : 업로드 성공
2022-09-11 10:29:29.855  INFO 2027 --- [http-nio-8080-exec-1] c.c.s.controller.MainServiceController   : uploaded bygangfunction@gmail.com
2022-09-11 10:29:29.856  INFO 2027 --- [http-nio-8080-exec-1] c.c.s.controller.MainServiceController   : startDateFri Jul 01 2022 10:29:14 GMT+0900 (한국 표준시)
2022-09-11 10:29:29.911  INFO 2027 --- [http-nio-8080-exec-4] c.c.s.controller.MainServiceController   : File(s) successfully uploaded
2022-09-11 10:29:29.916  INFO 2027 --- [http-nio-8080-exec-4] c.c.s.controller.MainServiceController   : Received message
2022-09-11 10:29:29.925  INFO 2027 --- [http-nio-8080-exec-1] c.c.s.S.dao.FaceDataDaoJDBC              : Fri Jul 01 2022 10:29:14 GMT+0900 (한국 표준시)
2022-09-11 10:29:29.928  INFO 2027 --- [http-nio-8080-exec-1] c.c.s.S.dao.FaceDataDaoJDBC              : 업로드 성공
2022-09-11 10:29:29.929  INFO 2027 --- [http-nio-8080-exec-1] c.c.s.S.dao.FaceDataDaoJDBC              : Fri Jul 01 2022 10:29:14 GMT+0900 (한국 표준시)
2022-09-11 10:29:29.937  INFO 2027 --- [http-nio-8080-exec-1] c.c.s.S.dao.FaceDataDaoJDBC              : 업로드 성공
2022-09-11 10:29:29.937  INFO 2027 --- [http-nio-8080-exec-1] c.c.s.S.dao.FaceDataDaoJDBC              : Fri Jul 01 2022 10:29:14 GMT+0900 (한국 표준시)
2022-09-11 10:29:29.940  INFO 2027 --- [http-nio-8080-exec-1] c.c.s.S.dao.FaceDataDaoJDBC              : 업로드 성공
2022-09-11 10:29:29.940  INFO 2027 --- [http-nio-8080-exec-1] c.c.s.S.dao.FaceDataDaoJDBC              : Fri Jul 01 2022 10:29:14 GMT+0900 (한국 표준시)
2022-09-11 10:29:29.946  INFO 2027 --- [http-nio-8080-exec-1] c.c.s.S.dao.FaceDataDaoJDBC              : 업로드 성공
2022-09-11 10:29:29.946  INFO 2027 --- [http-nio-8080-exec-1] c.c.s.S.dao.FaceDataDaoJDBC              : Fri Jul 01 2022 10:29:14 GMT+0900 (한국 표준시)
2022-09-11 10:29:29.950  INFO 2027 --- [http-nio-8080-exec-1] c.c.s.S.dao.FaceDataDaoJDBC              : 업로드 성공
2022-09-11 10:29:29.950  INFO 2027 --- [http-nio-8080-exec-1] c.c.s.S.dao.FaceDataDaoJDBC              : Fri Jul 01 2022 10:29:14 GMT+0900 (한국 표준시)
2022-09-11 10:29:29.954  INFO 2027 --- [http-nio-8080-exec-1] c.c.s.S.dao.FaceDataDaoJDBC              : 업로드 성공
2022-09-11 10:29:29.955  INFO 2027 --- [http-nio-8080-exec-1] c.c.s.S.dao.FaceDataDaoJDBC              : Fri Jul 01 2022 10:29:14 GMT+0900 (한국 표준시)
2022-09-11 10:29:29.957  INFO 2027 --- [http-nio-8080-exec-1] c.c.s.S.dao.FaceDataDaoJDBC              : 업로드 성공
2022-09-11 10:29:29.958  INFO 2027 --- [http-nio-8080-exec-1] c.c.s.S.dao.FaceDataDaoJDBC              : Fri Jul 01 2022 10:29:14 GMT+0900 (한국 표준시)
2022-09-11 10:29:29.961  INFO 2027 --- [http-nio-8080-exec-1] c.c.s.S.dao.FaceDataDaoJDBC              : 업로드 성공
2022-09-11 13:39:31.059  INFO 2027 --- [http-nio-8080-exec-5] c.c.s.controller.MainServiceController   : uploaded bygangfunction@gmail.com
2022-09-11 13:39:31.061  INFO 2027 --- [http-nio-8080-exec-5] c.c.s.controller.MainServiceController   : startDateWed Jun 01 2022 13:39:13 GMT+0900 (한국 표준시)
2022-09-11 13:39:36.084  INFO 2027 --- [http-nio-8080-exec-5] c.c.s.S.dao.FaceDataDaoJDBC              : Wed Jun 01 2022 13:39:13 GMT+0900 (한국 표준시)
2022-09-11 13:39:36.098  INFO 2027 --- [http-nio-8080-exec-5] c.c.s.S.dao.FaceDataDaoJDBC              : 업로드 성공
2022-09-11 13:39:36.099  INFO 2027 --- [http-nio-8080-exec-5] c.c.s.S.dao.FaceDataDaoJDBC              : Wed Jun 01 2022 13:39:13 GMT+0900 (한국 표준시)
2022-09-11 13:39:36.112  INFO 2027 --- [http-nio-8080-exec-5] c.c.s.S.dao.FaceDataDaoJDBC              : 업로드 성공
2022-09-11 13:39:36.113  INFO 2027 --- [http-nio-8080-exec-5] c.c.s.S.dao.FaceDataDaoJDBC              : Wed Jun 01 2022 13:39:13 GMT+0900 (한국 표준시)
2022-09-11 13:39:36.114  INFO 2027 --- [http-nio-8080-exec-5] c.c.s.S.dao.FaceDataDaoJDBC              : 업로드 성공
2022-09-11 13:39:36.115  INFO 2027 --- [http-nio-8080-exec-5] c.c.s.S.dao.FaceDataDaoJDBC              : Wed Jun 01 2022 13:39:13 GMT+0900 (한국 표준시)
2022-09-11 13:39:36.119  INFO 2027 --- [http-nio-8080-exec-5] c.c.s.S.dao.FaceDataDaoJDBC              : 업로드 성공
2022-09-11 13:39:36.120  INFO 2027 --- [http-nio-8080-exec-5] c.c.s.S.dao.FaceDataDaoJDBC              : Wed Jun 01 2022 13:39:13 GMT+0900 (한국 표준시)
2022-09-11 13:39:36.125  INFO 2027 --- [http-nio-8080-exec-5] c.c.s.S.dao.FaceDataDaoJDBC              : 업로드 성공
2022-09-11 13:39:36.125  INFO 2027 --- [http-nio-8080-exec-5] c.c.s.S.dao.FaceDataDaoJDBC              : Wed Jun 01 2022 13:39:13 GMT+0900 (한국 표준시)
2022-09-11 13:39:36.128  INFO 2027 --- [http-nio-8080-exec-5] c.c.s.S.dao.FaceDataDaoJDBC              : 업로드 성공
2022-09-11 13:39:36.130  INFO 2027 --- [http-nio-8080-exec-5] c.c.s.S.dao.FaceDataDaoJDBC              : Wed Jun 01 2022 13:39:13 GMT+0900 (한국 표준시)
2022-09-11 13:39:36.134  INFO 2027 --- [http-nio-8080-exec-5] c.c.s.S.dao.FaceDataDaoJDBC              : 업로드 성공
2022-09-11 13:39:36.137  INFO 2027 --- [http-nio-8080-exec-5] c.c.s.S.dao.FaceDataDaoJDBC              : Wed Jun 01 2022 13:39:13 GMT+0900 (한국 표준시)
2022-09-11 13:39:36.148  INFO 2027 --- [http-nio-8080-exec-5] c.c.s.S.dao.FaceDataDaoJDBC              : 업로드 성공
2022-09-11 13:47:48.597  INFO 2027 --- [http-nio-8080-exec-10] c.c.s.controller.MainServiceController   : uploaded bygangfunction@gmail.com
2022-09-11 13:47:48.604  INFO 2027 --- [http-nio-8080-exec-10] c.c.s.controller.MainServiceController   : startDateSun Sep 11 2022 13:47:40 GMT+0900 (한국 표준시)
2022-09-11 13:47:48.642  INFO 2027 --- [http-nio-8080-exec-2] c.c.s.controller.MainServiceController   : Face Detection is in Progress
2022-09-11 13:47:48.642  INFO 2027 --- [http-nio-8080-exec-2] c.c.s.controller.MainServiceController   : Received message
2022-09-11 13:47:48.659  INFO 2027 --- [http-nio-8080-exec-10] c.c.s.S.dao.FaceDataDaoJDBC              : Sun Sep 11 2022 13:47:40 GMT+0900 (한국 표준시)
2022-09-11 13:47:48.670  INFO 2027 --- [http-nio-8080-exec-10] c.c.s.S.dao.FaceDataDaoJDBC              : 업로드 성공
2022-09-11 13:47:48.670  INFO 2027 --- [http-nio-8080-exec-10] c.c.s.S.dao.FaceDataDaoJDBC              : Sun Sep 11 2022 13:47:40 GMT+0900 (한국 표준시)
2022-09-11 13:47:48.680  INFO 2027 --- [http-nio-8080-exec-10] c.c.s.S.dao.FaceDataDaoJDBC              : 업로드 성공
2022-09-11 13:47:48.680  INFO 2027 --- [http-nio-8080-exec-10] c.c.s.S.dao.FaceDataDaoJDBC              : Sun Sep 11 2022 13:47:40 GMT+0900 (한국 표준시)
2022-09-11 13:47:48.682  INFO 2027 --- [http-nio-8080-exec-10] c.c.s.S.dao.FaceDataDaoJDBC              : 업로드 성공
2022-09-11 13:47:48.683  INFO 2027 --- [http-nio-8080-exec-10] c.c.s.S.dao.FaceDataDaoJDBC              : Sun Sep 11 2022 13:47:40 GMT+0900 (한국 표준시)
2022-09-11 13:47:48.688  INFO 2027 --- [http-nio-8080-exec-10] c.c.s.S.dao.FaceDataDaoJDBC              : 업로드 성공
2022-09-11 13:47:48.689  INFO 2027 --- [http-nio-8080-exec-10] c.c.s.S.dao.FaceDataDaoJDBC              : Sun Sep 11 2022 13:47:40 GMT+0900 (한국 표준시)
2022-09-11 13:47:48.692  INFO 2027 --- [http-nio-8080-exec-10] c.c.s.S.dao.FaceDataDaoJDBC              : 업로드 성공
2022-09-11 13:47:48.693  INFO 2027 --- [http-nio-8080-exec-10] c.c.s.S.dao.FaceDataDaoJDBC              : Sun Sep 11 2022 13:47:40 GMT+0900 (한국 표준시)
2022-09-11 13:47:48.696  INFO 2027 --- [http-nio-8080-exec-10] c.c.s.S.dao.FaceDataDaoJDBC              : 업로드 성공
2022-09-11 13:47:48.696  INFO 2027 --- [http-nio-8080-exec-10] c.c.s.S.dao.FaceDataDaoJDBC              : Sun Sep 11 2022 13:47:40 GMT+0900 (한국 표준시)
2022-09-11 13:47:48.698  INFO 2027 --- [http-nio-8080-exec-10] c.c.s.S.dao.FaceDataDaoJDBC              : 업로드 성공
2022-09-11 13:47:48.698  INFO 2027 --- [http-nio-8080-exec-10] c.c.s.S.dao.FaceDataDaoJDBC              : Sun Sep 11 2022 13:47:40 GMT+0900 (한국 표준시)
2022-09-11 13:47:48.700  INFO 2027 --- [http-nio-8080-exec-10] c.c.s.S.dao.FaceDataDaoJDBC              : 업로드 성공
2022-09-11 13:50:23.677  INFO 2027 --- [http-nio-8080-exec-4] c.c.s.controller.MainServiceController   : uploaded bygangfunction@gmail.com
2022-09-11 13:50:23.678  INFO 2027 --- [http-nio-8080-exec-4] c.c.s.controller.MainServiceController   : startDateFri Jul 01 2022 13:50:12 GMT+0900 (한국 표준시)
2022-09-11 13:50:23.696  INFO 2027 --- [http-nio-8080-exec-6] c.c.s.controller.MainServiceController   : Face Detection is in Progress
2022-09-11 13:50:23.696  INFO 2027 --- [http-nio-8080-exec-6] c.c.s.controller.MainServiceController   : Received message
2022-09-11 13:50:23.712  INFO 2027 --- [http-nio-8080-exec-4] c.c.s.S.dao.FaceDataDaoJDBC              : Fri Jul 01 2022 13:50:12 GMT+0900 (한국 표준시)
2022-09-11 13:50:23.717  INFO 2027 --- [http-nio-8080-exec-4] c.c.s.S.dao.FaceDataDaoJDBC              : 업로드 성공
2022-09-11 13:50:23.718  INFO 2027 --- [http-nio-8080-exec-4] c.c.s.S.dao.FaceDataDaoJDBC              : Fri Jul 01 2022 13:50:12 GMT+0900 (한국 표준시)
2022-09-11 13:50:23.723  INFO 2027 --- [http-nio-8080-exec-4] c.c.s.S.dao.FaceDataDaoJDBC              : 업로드 성공
2022-09-11 13:50:23.723  INFO 2027 --- [http-nio-8080-exec-4] c.c.s.S.dao.FaceDataDaoJDBC              : Fri Jul 01 2022 13:50:12 GMT+0900 (한국 표준시)
2022-09-11 13:50:23.725  INFO 2027 --- [http-nio-8080-exec-4] c.c.s.S.dao.FaceDataDaoJDBC              : 업로드 성공
2022-09-11 13:50:23.725  INFO 2027 --- [http-nio-8080-exec-4] c.c.s.S.dao.FaceDataDaoJDBC              : Fri Jul 01 2022 13:50:12 GMT+0900 (한국 표준시)
2022-09-11 13:50:23.728  INFO 2027 --- [http-nio-8080-exec-4] c.c.s.S.dao.FaceDataDaoJDBC              : 업로드 성공
2022-09-11 13:50:23.729  INFO 2027 --- [http-nio-8080-exec-4] c.c.s.S.dao.FaceDataDaoJDBC              : Fri Jul 01 2022 13:50:12 GMT+0900 (한국 표준시)
2022-09-11 13:50:23.731  INFO 2027 --- [http-nio-8080-exec-4] c.c.s.S.dao.FaceDataDaoJDBC              : 업로드 성공
2022-09-11 13:50:23.732  INFO 2027 --- [http-nio-8080-exec-4] c.c.s.S.dao.FaceDataDaoJDBC              : Fri Jul 01 2022 13:50:12 GMT+0900 (한국 표준시)
2022-09-11 13:50:23.735  INFO 2027 --- [http-nio-8080-exec-4] c.c.s.S.dao.FaceDataDaoJDBC              : 업로드 성공
2022-09-11 13:50:23.738  INFO 2027 --- [http-nio-8080-exec-4] c.c.s.S.dao.FaceDataDaoJDBC              : Fri Jul 01 2022 13:50:12 GMT+0900 (한국 표준시)
2022-09-11 13:50:23.740  INFO 2027 --- [http-nio-8080-exec-4] c.c.s.S.dao.FaceDataDaoJDBC              : 업로드 성공
2022-09-11 13:50:23.741  INFO 2027 --- [http-nio-8080-exec-4] c.c.s.S.dao.FaceDataDaoJDBC              : Fri Jul 01 2022 13:50:12 GMT+0900 (한국 표준시)
2022-09-11 13:50:23.742  INFO 2027 --- [http-nio-8080-exec-4] c.c.s.S.dao.FaceDataDaoJDBC              : 업로드 성공
2022-09-11 13:51:35.550  INFO 2027 --- [http-nio-8080-exec-5] c.c.s.controller.MainServiceController   : uploaded bygangfunction@gmail.com
2022-09-11 13:51:35.551  INFO 2027 --- [http-nio-8080-exec-5] c.c.s.controller.MainServiceController   : startDateSun Sep 11 2022 13:51:21 GMT+0900 (한국 표준시)
2022-09-11 13:51:35.585  INFO 2027 --- [http-nio-8080-exec-8] c.c.s.controller.MainServiceController   : Face Detection is in Progress
2022-09-11 13:51:35.585  INFO 2027 --- [http-nio-8080-exec-8] c.c.s.controller.MainServiceController   : Received message
2022-09-11 13:51:35.603  INFO 2027 --- [http-nio-8080-exec-5] c.c.s.S.dao.FaceDataDaoJDBC              : Sun Sep 11 2022 13:51:21 GMT+0900 (한국 표준시)
2022-09-11 13:51:35.609  INFO 2027 --- [http-nio-8080-exec-5] c.c.s.S.dao.FaceDataDaoJDBC              : 업로드 성공
2022-09-11 13:51:35.610  INFO 2027 --- [http-nio-8080-exec-5] c.c.s.S.dao.FaceDataDaoJDBC              : Sun Sep 11 2022 13:51:21 GMT+0900 (한국 표준시)
2022-09-11 13:51:35.620  INFO 2027 --- [http-nio-8080-exec-5] c.c.s.S.dao.FaceDataDaoJDBC              : 업로드 성공
2022-09-11 13:51:35.620  INFO 2027 --- [http-nio-8080-exec-5] c.c.s.S.dao.FaceDataDaoJDBC              : Sun Sep 11 2022 13:51:21 GMT+0900 (한국 표준시)
2022-09-11 13:51:35.623  INFO 2027 --- [http-nio-8080-exec-5] c.c.s.S.dao.FaceDataDaoJDBC              : 업로드 성공
2022-09-11 13:51:35.623  INFO 2027 --- [http-nio-8080-exec-5] c.c.s.S.dao.FaceDataDaoJDBC              : Sun Sep 11 2022 13:51:21 GMT+0900 (한국 표준시)
2022-09-11 13:51:35.628  INFO 2027 --- [http-nio-8080-exec-5] c.c.s.S.dao.FaceDataDaoJDBC              : 업로드 성공
2022-09-11 13:51:35.628  INFO 2027 --- [http-nio-8080-exec-5] c.c.s.S.dao.FaceDataDaoJDBC              : Sun Sep 11 2022 13:51:21 GMT+0900 (한국 표준시)
2022-09-11 13:51:35.632  INFO 2027 --- [http-nio-8080-exec-5] c.c.s.S.dao.FaceDataDaoJDBC              : 업로드 성공
2022-09-11 13:51:35.634  INFO 2027 --- [http-nio-8080-exec-5] c.c.s.S.dao.FaceDataDaoJDBC              : Sun Sep 11 2022 13:51:21 GMT+0900 (한국 표준시)
2022-09-11 13:51:35.639  INFO 2027 --- [http-nio-8080-exec-5] c.c.s.S.dao.FaceDataDaoJDBC              : 업로드 성공
2022-09-11 13:51:35.639  INFO 2027 --- [http-nio-8080-exec-5] c.c.s.S.dao.FaceDataDaoJDBC              : Sun Sep 11 2022 13:51:21 GMT+0900 (한국 표준시)
2022-09-11 13:51:35.643  INFO 2027 --- [http-nio-8080-exec-5] c.c.s.S.dao.FaceDataDaoJDBC              : 업로드 성공
2022-09-11 13:51:35.643  INFO 2027 --- [http-nio-8080-exec-5] c.c.s.S.dao.FaceDataDaoJDBC              : Sun Sep 11 2022 13:51:21 GMT+0900 (한국 표준시)
2022-09-11 13:51:35.645  INFO 2027 --- [http-nio-8080-exec-5] c.c.s.S.dao.FaceDataDaoJDBC              : 업로드 성공
2022-09-11 13:52:13.180  INFO 2027 --- [http-nio-8080-exec-9] c.c.s.controller.MainServiceController   : uploaded bygangfunction@gmail.com
2022-09-11 13:52:13.181  INFO 2027 --- [http-nio-8080-exec-9] c.c.s.controller.MainServiceController   : startDateSun Sep 11 2022 13:51:57 GMT+0900 (한국 표준시)
2022-09-11 13:52:13.211  INFO 2027 --- [http-nio-8080-exec-10] c.c.s.controller.MainServiceController   : Face Detection is in Progress
2022-09-11 13:52:13.211  INFO 2027 --- [http-nio-8080-exec-10] c.c.s.controller.MainServiceController   : Received message
2022-09-11 13:52:13.226  INFO 2027 --- [http-nio-8080-exec-9] c.c.s.S.dao.FaceDataDaoJDBC              : Sun Sep 11 2022 13:51:57 GMT+0900 (한국 표준시)
2022-09-11 13:52:13.242  INFO 2027 --- [http-nio-8080-exec-9] c.c.s.S.dao.FaceDataDaoJDBC              : 업로드 성공
2022-09-11 13:52:13.243  INFO 2027 --- [http-nio-8080-exec-9] c.c.s.S.dao.FaceDataDaoJDBC              : Sun Sep 11 2022 13:51:57 GMT+0900 (한국 표준시)
2022-09-11 13:52:13.253  INFO 2027 --- [http-nio-8080-exec-9] c.c.s.S.dao.FaceDataDaoJDBC              : 업로드 성공
2022-09-11 13:52:13.253  INFO 2027 --- [http-nio-8080-exec-9] c.c.s.S.dao.FaceDataDaoJDBC              : Sun Sep 11 2022 13:51:57 GMT+0900 (한국 표준시)
2022-09-11 13:52:13.258  INFO 2027 --- [http-nio-8080-exec-9] c.c.s.S.dao.FaceDataDaoJDBC              : 업로드 성공
2022-09-11 13:52:13.258  INFO 2027 --- [http-nio-8080-exec-9] c.c.s.S.dao.FaceDataDaoJDBC              : Sun Sep 11 2022 13:51:57 GMT+0900 (한국 표준시)
2022-09-11 13:52:13.264  INFO 2027 --- [http-nio-8080-exec-9] c.c.s.S.dao.FaceDataDaoJDBC              : 업로드 성공
2022-09-11 13:52:13.264  INFO 2027 --- [http-nio-8080-exec-9] c.c.s.S.dao.FaceDataDaoJDBC              : Sun Sep 11 2022 13:51:57 GMT+0900 (한국 표준시)
2022-09-11 13:52:13.269  INFO 2027 --- [http-nio-8080-exec-9] c.c.s.S.dao.FaceDataDaoJDBC              : 업로드 성공
2022-09-11 13:52:13.269  INFO 2027 --- [http-nio-8080-exec-9] c.c.s.S.dao.FaceDataDaoJDBC              : Sun Sep 11 2022 13:51:57 GMT+0900 (한국 표준시)
2022-09-11 13:52:13.273  INFO 2027 --- [http-nio-8080-exec-9] c.c.s.S.dao.FaceDataDaoJDBC              : 업로드 성공
2022-09-11 13:52:13.273  INFO 2027 --- [http-nio-8080-exec-9] c.c.s.S.dao.FaceDataDaoJDBC              : Sun Sep 11 2022 13:51:57 GMT+0900 (한국 표준시)
2022-09-11 13:52:13.276  INFO 2027 --- [http-nio-8080-exec-9] c.c.s.S.dao.FaceDataDaoJDBC              : 업로드 성공
2022-09-11 13:52:13.276  INFO 2027 --- [http-nio-8080-exec-9] c.c.s.S.dao.FaceDataDaoJDBC              : Sun Sep 11 2022 13:51:57 GMT+0900 (한국 표준시)
2022-09-11 13:52:13.278  INFO 2027 --- [http-nio-8080-exec-9] c.c.s.S.dao.FaceDataDaoJDBC              : 업로드 성공
2022-09-11 13:53:05.768  INFO 2027 --- [http-nio-8080-exec-6] c.c.s.controller.MainServiceController   : uploaded bygangfunction@gmail.com
2022-09-11 13:53:05.769  INFO 2027 --- [http-nio-8080-exec-6] c.c.s.controller.MainServiceController   : startDateSun Sep 11 2022 13:52:55 GMT+0900 (한국 표준시)
2022-09-11 13:53:05.801  INFO 2027 --- [http-nio-8080-exec-1] c.c.s.controller.MainServiceController   : Face Detection is in Progress
2022-09-11 13:53:05.802  INFO 2027 --- [http-nio-8080-exec-1] c.c.s.controller.MainServiceController   : Received message
2022-09-11 13:53:05.815  INFO 2027 --- [http-nio-8080-exec-6] c.c.s.S.dao.FaceDataDaoJDBC              : Sun Sep 11 2022 13:52:55 GMT+0900 (한국 표준시)
2022-09-11 13:53:05.821  INFO 2027 --- [http-nio-8080-exec-6] c.c.s.S.dao.FaceDataDaoJDBC              : 업로드 성공
2022-09-11 13:53:05.822  INFO 2027 --- [http-nio-8080-exec-6] c.c.s.S.dao.FaceDataDaoJDBC              : Sun Sep 11 2022 13:52:55 GMT+0900 (한국 표준시)
2022-09-11 13:53:05.832  INFO 2027 --- [http-nio-8080-exec-6] c.c.s.S.dao.FaceDataDaoJDBC              : 업로드 성공
2022-09-11 13:53:05.832  INFO 2027 --- [http-nio-8080-exec-6] c.c.s.S.dao.FaceDataDaoJDBC              : Sun Sep 11 2022 13:52:55 GMT+0900 (한국 표준시)
2022-09-11 13:53:05.835  INFO 2027 --- [http-nio-8080-exec-6] c.c.s.S.dao.FaceDataDaoJDBC              : 업로드 성공
2022-09-11 13:53:05.835  INFO 2027 --- [http-nio-8080-exec-6] c.c.s.S.dao.FaceDataDaoJDBC              : Sun Sep 11 2022 13:52:55 GMT+0900 (한국 표준시)
2022-09-11 13:53:05.841  INFO 2027 --- [http-nio-8080-exec-6] c.c.s.S.dao.FaceDataDaoJDBC              : 업로드 성공
2022-09-11 13:53:05.841  INFO 2027 --- [http-nio-8080-exec-6] c.c.s.S.dao.FaceDataDaoJDBC              : Sun Sep 11 2022 13:52:55 GMT+0900 (한국 표준시)
2022-09-11 13:53:05.845  INFO 2027 --- [http-nio-8080-exec-6] c.c.s.S.dao.FaceDataDaoJDBC              : 업로드 성공
2022-09-11 13:53:05.845  INFO 2027 --- [http-nio-8080-exec-6] c.c.s.S.dao.FaceDataDaoJDBC              : Sun Sep 11 2022 13:52:55 GMT+0900 (한국 표준시)
2022-09-11 13:53:05.849  INFO 2027 --- [http-nio-8080-exec-6] c.c.s.S.dao.FaceDataDaoJDBC              : 업로드 성공
2022-09-11 13:53:05.849  INFO 2027 --- [http-nio-8080-exec-6] c.c.s.S.dao.FaceDataDaoJDBC              : Sun Sep 11 2022 13:52:55 GMT+0900 (한국 표준시)
2022-09-11 13:53:05.854  INFO 2027 --- [http-nio-8080-exec-6] c.c.s.S.dao.FaceDataDaoJDBC              : 업로드 성공
2022-09-11 13:53:05.854  INFO 2027 --- [http-nio-8080-exec-6] c.c.s.S.dao.FaceDataDaoJDBC              : Sun Sep 11 2022 13:52:55 GMT+0900 (한국 표준시)
2022-09-11 13:53:05.858  INFO 2027 --- [http-nio-8080-exec-6] c.c.s.S.dao.FaceDataDaoJDBC              : 업로드 성공
2022-09-11 13:55:20.096  INFO 2027 --- [http-nio-8080-exec-8] c.c.s.controller.MainServiceController   : uploaded bygangfunction@gmail.com
2022-09-11 13:55:20.096  INFO 2027 --- [http-nio-8080-exec-8] c.c.s.controller.MainServiceController   : startDateTue Jul 05 2022 13:55:12 GMT+0900 (한국 표준시)
2022-09-11 13:55:25.109  INFO 2027 --- [http-nio-8080-exec-8] c.c.s.S.dao.FaceDataDaoJDBC              : Tue Jul 05 2022 13:55:12 GMT+0900 (한국 표준시)
2022-09-11 13:55:25.117  INFO 2027 --- [http-nio-8080-exec-8] c.c.s.S.dao.FaceDataDaoJDBC              : 업로드 성공
2022-09-11 13:55:25.118  INFO 2027 --- [http-nio-8080-exec-8] c.c.s.S.dao.FaceDataDaoJDBC              : Tue Jul 05 2022 13:55:12 GMT+0900 (한국 표준시)
2022-09-11 13:55:25.138  INFO 2027 --- [http-nio-8080-exec-8] c.c.s.S.dao.FaceDataDaoJDBC              : 업로드 성공
2022-09-11 13:55:25.139  INFO 2027 --- [http-nio-8080-exec-8] c.c.s.S.dao.FaceDataDaoJDBC              : Tue Jul 05 2022 13:55:12 GMT+0900 (한국 표준시)
2022-09-11 13:55:25.142  INFO 2027 --- [http-nio-8080-exec-8] c.c.s.S.dao.FaceDataDaoJDBC              : 업로드 성공
2022-09-11 13:55:25.143  INFO 2027 --- [http-nio-8080-exec-8] c.c.s.S.dao.FaceDataDaoJDBC              : Tue Jul 05 2022 13:55:12 GMT+0900 (한국 표준시)
2022-09-11 13:55:25.150  INFO 2027 --- [http-nio-8080-exec-8] c.c.s.S.dao.FaceDataDaoJDBC              : 업로드 성공
2022-09-11 13:55:25.150  INFO 2027 --- [http-nio-8080-exec-8] c.c.s.S.dao.FaceDataDaoJDBC              : Tue Jul 05 2022 13:55:12 GMT+0900 (한국 표준시)
2022-09-11 13:55:25.155  INFO 2027 --- [http-nio-8080-exec-8] c.c.s.S.dao.FaceDataDaoJDBC              : 업로드 성공
2022-09-11 13:55:25.156  INFO 2027 --- [http-nio-8080-exec-8] c.c.s.S.dao.FaceDataDaoJDBC              : Tue Jul 05 2022 13:55:12 GMT+0900 (한국 표준시)
2022-09-11 13:55:25.163  INFO 2027 --- [http-nio-8080-exec-8] c.c.s.S.dao.FaceDataDaoJDBC              : 업로드 성공
2022-09-11 13:55:25.164  INFO 2027 --- [http-nio-8080-exec-8] c.c.s.S.dao.FaceDataDaoJDBC              : Tue Jul 05 2022 13:55:12 GMT+0900 (한국 표준시)
2022-09-11 13:55:25.170  INFO 2027 --- [http-nio-8080-exec-8] c.c.s.S.dao.FaceDataDaoJDBC              : 업로드 성공
2022-09-11 13:55:25.170  INFO 2027 --- [http-nio-8080-exec-8] c.c.s.S.dao.FaceDataDaoJDBC              : Tue Jul 05 2022 13:55:12 GMT+0900 (한국 표준시)
2022-09-11 13:55:25.172  INFO 2027 --- [http-nio-8080-exec-8] c.c.s.S.dao.FaceDataDaoJDBC              : 업로드 성공
2022-09-11 15:23:45.757  INFO 2027 --- [http-nio-8080-exec-5] c.c.s.controller.MainServiceController   : uploaded bygangfunction@gmail.com
2022-09-11 15:23:45.758  INFO 2027 --- [http-nio-8080-exec-5] c.c.s.controller.MainServiceController   : startDateFri Jul 01 2022 15:23:31 GMT+0900 (한국 표준시)
2022-09-11 15:23:50.767  INFO 2027 --- [http-nio-8080-exec-5] c.c.s.S.dao.FaceDataDaoJDBC              : Fri Jul 01 2022 15:23:31 GMT+0900 (한국 표준시)
2022-09-11 15:23:50.802  INFO 2027 --- [http-nio-8080-exec-5] c.c.s.S.dao.FaceDataDaoJDBC              : 업로드 성공
2022-09-11 15:23:50.804  INFO 2027 --- [http-nio-8080-exec-5] c.c.s.S.dao.FaceDataDaoJDBC              : Fri Jul 01 2022 15:23:31 GMT+0900 (한국 표준시)
2022-09-11 15:23:50.807  INFO 2027 --- [http-nio-8080-exec-5] c.c.s.S.dao.FaceDataDaoJDBC              : 업로드 성공
2022-09-11 15:23:50.808  INFO 2027 --- [http-nio-8080-exec-5] c.c.s.S.dao.FaceDataDaoJDBC              : Fri Jul 01 2022 15:23:31 GMT+0900 (한국 표준시)
2022-09-11 15:23:50.816  INFO 2027 --- [http-nio-8080-exec-5] c.c.s.S.dao.FaceDataDaoJDBC              : 업로드 성공
2022-09-11 15:23:50.816  INFO 2027 --- [http-nio-8080-exec-5] c.c.s.S.dao.FaceDataDaoJDBC              : Fri Jul 01 2022 15:23:31 GMT+0900 (한국 표준시)
2022-09-11 15:23:50.819  INFO 2027 --- [http-nio-8080-exec-5] c.c.s.S.dao.FaceDataDaoJDBC              : 업로드 성공
2022-09-11 15:23:50.820  INFO 2027 --- [http-nio-8080-exec-5] c.c.s.S.dao.FaceDataDaoJDBC              : Fri Jul 01 2022 15:23:31 GMT+0900 (한국 표준시)
2022-09-11 15:23:50.824  INFO 2027 --- [http-nio-8080-exec-5] c.c.s.S.dao.FaceDataDaoJDBC              : 업로드 성공
2022-09-11 15:23:50.824  INFO 2027 --- [http-nio-8080-exec-5] c.c.s.S.dao.FaceDataDaoJDBC              : Fri Jul 01 2022 15:23:31 GMT+0900 (한국 표준시)
2022-09-11 15:23:50.826  INFO 2027 --- [http-nio-8080-exec-5] c.c.s.S.dao.FaceDataDaoJDBC              : 업로드 성공
2022-09-11 15:23:50.827  INFO 2027 --- [http-nio-8080-exec-5] c.c.s.S.dao.FaceDataDaoJDBC              : Fri Jul 01 2022 15:23:31 GMT+0900 (한국 표준시)
2022-09-11 15:23:50.829  INFO 2027 --- [http-nio-8080-exec-5] c.c.s.S.dao.FaceDataDaoJDBC              : 업로드 성공
2022-09-11 15:26:22.202  INFO 2027 --- [http-nio-8080-exec-3] c.c.s.controller.MainServiceController   : uploaded bygangfunction@gmail.com
2022-09-11 15:26:22.202  INFO 2027 --- [http-nio-8080-exec-3] c.c.s.controller.MainServiceController   : startDateSun Sep 11 2022 15:24:47 GMT+0900 (한국 표준시)
2022-09-11 15:26:22.215  INFO 2027 --- [http-nio-8080-exec-9] c.c.s.controller.MainServiceController   : Face Detection is in Progress
2022-09-11 15:26:22.215  INFO 2027 --- [http-nio-8080-exec-9] c.c.s.controller.MainServiceController   : Received message
2022-09-11 15:26:22.221  INFO 2027 --- [http-nio-8080-exec-3] c.c.s.S.dao.FaceDataDaoJDBC              : Sun Sep 11 2022 15:24:47 GMT+0900 (한국 표준시)
2022-09-11 15:26:22.223  INFO 2027 --- [http-nio-8080-exec-3] c.c.s.S.dao.FaceDataDaoJDBC              : 업로드 성공
2022-09-11 15:26:22.224  INFO 2027 --- [http-nio-8080-exec-3] c.c.s.S.dao.FaceDataDaoJDBC              : Sun Sep 11 2022 15:24:47 GMT+0900 (한국 표준시)
2022-09-11 15:26:22.230  INFO 2027 --- [http-nio-8080-exec-3] c.c.s.S.dao.FaceDataDaoJDBC              : 업로드 성공
2022-09-11 15:26:22.230  INFO 2027 --- [http-nio-8080-exec-3] c.c.s.S.dao.FaceDataDaoJDBC              : Sun Sep 11 2022 15:24:47 GMT+0900 (한국 표준시)
2022-09-11 15:26:22.231  INFO 2027 --- [http-nio-8080-exec-3] c.c.s.S.dao.FaceDataDaoJDBC              : 업로드 성공
2022-09-11 15:26:22.231  INFO 2027 --- [http-nio-8080-exec-3] c.c.s.S.dao.FaceDataDaoJDBC              : Sun Sep 11 2022 15:24:47 GMT+0900 (한국 표준시)
2022-09-11 15:26:22.234  INFO 2027 --- [http-nio-8080-exec-3] c.c.s.S.dao.FaceDataDaoJDBC              : 업로드 성공
2022-09-11 15:26:22.234  INFO 2027 --- [http-nio-8080-exec-3] c.c.s.S.dao.FaceDataDaoJDBC              : Sun Sep 11 2022 15:24:47 GMT+0900 (한국 표준시)
2022-09-11 15:26:22.236  INFO 2027 --- [http-nio-8080-exec-3] c.c.s.S.dao.FaceDataDaoJDBC              : 업로드 성공
2022-09-11 15:26:22.236  INFO 2027 --- [http-nio-8080-exec-3] c.c.s.S.dao.FaceDataDaoJDBC              : Sun Sep 11 2022 15:24:47 GMT+0900 (한국 표준시)
2022-09-11 15:26:22.239  INFO 2027 --- [http-nio-8080-exec-3] c.c.s.S.dao.FaceDataDaoJDBC              : 업로드 성공
2022-09-11 15:26:22.239  INFO 2027 --- [http-nio-8080-exec-3] c.c.s.S.dao.FaceDataDaoJDBC              : Sun Sep 11 2022 15:24:47 GMT+0900 (한국 표준시)
2022-09-11 15:26:22.240  INFO 2027 --- [http-nio-8080-exec-3] c.c.s.S.dao.FaceDataDaoJDBC              : 업로드 성공
2022-09-11 15:38:52.846  INFO 2027 --- [http-nio-8080-exec-6] c.c.s.controller.MainServiceController   : uploaded bygangfunction@gmail.com
2022-09-11 15:38:52.847  INFO 2027 --- [http-nio-8080-exec-6] c.c.s.controller.MainServiceController   : startDateTue Jul 05 2022 15:37:50 GMT+0900 (한국 표준시)
2022-09-11 15:38:52.897  INFO 2027 --- [http-nio-8080-exec-6] c.c.s.S.dao.FaceDataDaoJDBC              : Tue Jul 05 2022 15:37:50 GMT+0900 (한국 표준시)
2022-09-11 15:38:52.918  INFO 2027 --- [http-nio-8080-exec-6] c.c.s.S.dao.FaceDataDaoJDBC              : 업로드 성공
2022-09-11 15:38:52.919  INFO 2027 --- [http-nio-8080-exec-6] c.c.s.S.dao.FaceDataDaoJDBC              : Tue Jul 05 2022 15:37:50 GMT+0900 (한국 표준시)
2022-09-11 15:38:52.929  INFO 2027 --- [http-nio-8080-exec-6] c.c.s.S.dao.FaceDataDaoJDBC              : 업로드 성공
2022-09-11 15:38:52.930  INFO 2027 --- [http-nio-8080-exec-6] c.c.s.S.dao.FaceDataDaoJDBC              : Tue Jul 05 2022 15:37:50 GMT+0900 (한국 표준시)
2022-09-11 15:38:52.932  INFO 2027 --- [http-nio-8080-exec-6] c.c.s.S.dao.FaceDataDaoJDBC              : 업로드 성공
2022-09-11 15:38:52.932  INFO 2027 --- [http-nio-8080-exec-6] c.c.s.S.dao.FaceDataDaoJDBC              : Tue Jul 05 2022 15:37:50 GMT+0900 (한국 표준시)
2022-09-11 15:38:52.937  INFO 2027 --- [http-nio-8080-exec-6] c.c.s.S.dao.FaceDataDaoJDBC              : 업로드 성공
2022-09-11 15:38:52.937  INFO 2027 --- [http-nio-8080-exec-6] c.c.s.S.dao.FaceDataDaoJDBC              : Tue Jul 05 2022 15:37:50 GMT+0900 (한국 표준시)
2022-09-11 15:38:52.939  INFO 2027 --- [http-nio-8080-exec-6] c.c.s.S.dao.FaceDataDaoJDBC              : 업로드 성공
2022-09-11 15:38:52.939  INFO 2027 --- [http-nio-8080-exec-6] c.c.s.S.dao.FaceDataDaoJDBC              : Tue Jul 05 2022 15:37:50 GMT+0900 (한국 표준시)
2022-09-11 15:38:52.942  INFO 2027 --- [http-nio-8080-exec-6] c.c.s.S.dao.FaceDataDaoJDBC              : 업로드 성공
2022-09-11 15:38:52.942  INFO 2027 --- [http-nio-8080-exec-6] c.c.s.S.dao.FaceDataDaoJDBC              : Tue Jul 05 2022 15:37:50 GMT+0900 (한국 표준시)
2022-09-11 15:38:52.944  INFO 2027 --- [http-nio-8080-exec-6] c.c.s.S.dao.FaceDataDaoJDBC              : 업로드 성공
2022-09-11 15:41:00.427  INFO 2027 --- [http-nio-8080-exec-8] c.c.s.controller.MainServiceController   : uploaded bygangfunction@gmail.com
2022-09-11 15:41:00.428  INFO 2027 --- [http-nio-8080-exec-8] c.c.s.controller.MainServiceController   : startDateSun Sep 11 2022 15:40:35 GMT+0900 (한국 표준시)
2022-09-11 15:41:00.442  INFO 2027 --- [http-nio-8080-exec-8] c.c.s.S.dao.FaceDataDaoJDBC              : Sun Sep 11 2022 15:40:35 GMT+0900 (한국 표준시)
2022-09-11 15:41:00.445  INFO 2027 --- [http-nio-8080-exec-8] c.c.s.S.dao.FaceDataDaoJDBC              : 업로드 성공
2022-09-11 15:41:00.446  INFO 2027 --- [http-nio-8080-exec-8] c.c.s.S.dao.FaceDataDaoJDBC              : Sun Sep 11 2022 15:40:35 GMT+0900 (한국 표준시)
2022-09-11 15:41:00.453  INFO 2027 --- [http-nio-8080-exec-8] c.c.s.S.dao.FaceDataDaoJDBC              : 업로드 성공
2022-09-11 15:41:00.453  INFO 2027 --- [http-nio-8080-exec-8] c.c.s.S.dao.FaceDataDaoJDBC              : Sun Sep 11 2022 15:40:35 GMT+0900 (한국 표준시)
2022-09-11 15:41:00.454  INFO 2027 --- [http-nio-8080-exec-8] c.c.s.S.dao.FaceDataDaoJDBC              : 업로드 성공
2022-09-11 15:41:00.454  INFO 2027 --- [http-nio-8080-exec-8] c.c.s.S.dao.FaceDataDaoJDBC              : Sun Sep 11 2022 15:40:35 GMT+0900 (한국 표준시)
2022-09-11 15:41:00.457  INFO 2027 --- [http-nio-8080-exec-8] c.c.s.S.dao.FaceDataDaoJDBC              : 업로드 성공
2022-09-11 15:41:00.458  INFO 2027 --- [http-nio-8080-exec-8] c.c.s.S.dao.FaceDataDaoJDBC              : Sun Sep 11 2022 15:40:35 GMT+0900 (한국 표준시)
2022-09-11 15:41:00.459  INFO 2027 --- [http-nio-8080-exec-8] c.c.s.S.dao.FaceDataDaoJDBC              : 업로드 성공
2022-09-11 15:41:00.459  INFO 2027 --- [http-nio-8080-exec-8] c.c.s.S.dao.FaceDataDaoJDBC              : Sun Sep 11 2022 15:40:35 GMT+0900 (한국 표준시)
2022-09-11 15:41:00.461  INFO 2027 --- [http-nio-8080-exec-8] c.c.s.S.dao.FaceDataDaoJDBC              : 업로드 성공
2022-09-11 15:41:00.461  INFO 2027 --- [http-nio-8080-exec-8] c.c.s.S.dao.FaceDataDaoJDBC              : Sun Sep 11 2022 15:40:35 GMT+0900 (한국 표준시)
2022-09-11 15:41:00.463  INFO 2027 --- [http-nio-8080-exec-8] c.c.s.S.dao.FaceDataDaoJDBC              : 업로드 성공
2022-09-11 15:41:00.463  INFO 2027 --- [http-nio-8080-exec-8] c.c.s.S.dao.FaceDataDaoJDBC              : Sun Sep 11 2022 15:40:35 GMT+0900 (한국 표준시)
2022-09-11 15:41:00.465  INFO 2027 --- [http-nio-8080-exec-8] c.c.s.S.dao.FaceDataDaoJDBC              : 업로드 성공
2022-09-11 15:45:15.746  INFO 2027 --- [http-nio-8080-exec-5] c.c.s.controller.MainServiceController   : uploaded bygangfunction@gmail.com
2022-09-11 15:45:15.748  INFO 2027 --- [http-nio-8080-exec-5] c.c.s.controller.MainServiceController   : startDateTue Jun 07 2022 15:44:55 GMT+0900 (한국 표준시)
2022-09-11 15:45:15.779  INFO 2027 --- [http-nio-8080-exec-5] c.c.s.S.dao.FaceDataDaoJDBC              : Tue Jun 07 2022 15:44:55 GMT+0900 (한국 표준시)
2022-09-11 15:45:15.788  INFO 2027 --- [http-nio-8080-exec-5] c.c.s.S.dao.FaceDataDaoJDBC              : 업로드 성공
2022-09-11 15:45:15.788  INFO 2027 --- [http-nio-8080-exec-5] c.c.s.S.dao.FaceDataDaoJDBC              : Tue Jun 07 2022 15:44:55 GMT+0900 (한국 표준시)
2022-09-11 15:45:15.799  INFO 2027 --- [http-nio-8080-exec-5] c.c.s.S.dao.FaceDataDaoJDBC              : 업로드 성공
2022-09-11 15:45:15.801  INFO 2027 --- [http-nio-8080-exec-5] c.c.s.S.dao.FaceDataDaoJDBC              : Tue Jun 07 2022 15:44:55 GMT+0900 (한국 표준시)
2022-09-11 15:45:15.805  INFO 2027 --- [http-nio-8080-exec-5] c.c.s.S.dao.FaceDataDaoJDBC              : 업로드 성공
2022-09-11 15:45:15.805  INFO 2027 --- [http-nio-8080-exec-5] c.c.s.S.dao.FaceDataDaoJDBC              : Tue Jun 07 2022 15:44:55 GMT+0900 (한국 표준시)
2022-09-11 15:45:15.809  INFO 2027 --- [http-nio-8080-exec-5] c.c.s.S.dao.FaceDataDaoJDBC              : 업로드 성공
2022-09-11 15:45:15.809  INFO 2027 --- [http-nio-8080-exec-5] c.c.s.S.dao.FaceDataDaoJDBC              : Tue Jun 07 2022 15:44:55 GMT+0900 (한국 표준시)
2022-09-11 15:45:15.812  INFO 2027 --- [http-nio-8080-exec-5] c.c.s.S.dao.FaceDataDaoJDBC              : 업로드 성공
2022-09-11 15:45:15.812  INFO 2027 --- [http-nio-8080-exec-5] c.c.s.S.dao.FaceDataDaoJDBC              : Tue Jun 07 2022 15:44:55 GMT+0900 (한국 표준시)
2022-09-11 15:45:15.814  INFO 2027 --- [http-nio-8080-exec-5] c.c.s.S.dao.FaceDataDaoJDBC              : 업로드 성공
2022-09-11 15:45:15.815  INFO 2027 --- [http-nio-8080-exec-5] c.c.s.S.dao.FaceDataDaoJDBC              : Tue Jun 07 2022 15:44:55 GMT+0900 (한국 표준시)
2022-09-11 15:45:15.816  INFO 2027 --- [http-nio-8080-exec-5] c.c.s.S.dao.FaceDataDaoJDBC              : 업로드 성공
2022-09-11 15:45:59.146  INFO 2027 --- [http-nio-8080-exec-10] c.c.s.controller.MainServiceController   : uploaded bygangfunction@gmail.com
2022-09-11 15:45:59.147  INFO 2027 --- [http-nio-8080-exec-10] c.c.s.controller.MainServiceController   : startDateTue May 10 2022 15:45:42 GMT+0900 (한국 표준시)
2022-09-11 15:46:04.151  INFO 2027 --- [http-nio-8080-exec-10] c.c.s.S.dao.FaceDataDaoJDBC              : Tue May 10 2022 15:45:42 GMT+0900 (한국 표준시)
2022-09-11 15:46:04.158  INFO 2027 --- [http-nio-8080-exec-10] c.c.s.S.dao.FaceDataDaoJDBC              : 업로드 성공
2022-09-11 15:46:04.160  INFO 2027 --- [http-nio-8080-exec-10] c.c.s.S.dao.FaceDataDaoJDBC              : Tue May 10 2022 15:45:42 GMT+0900 (한국 표준시)
2022-09-11 15:46:04.179  INFO 2027 --- [http-nio-8080-exec-10] c.c.s.S.dao.FaceDataDaoJDBC              : 업로드 성공
2022-09-11 15:46:04.179  INFO 2027 --- [http-nio-8080-exec-10] c.c.s.S.dao.FaceDataDaoJDBC              : Tue May 10 2022 15:45:42 GMT+0900 (한국 표준시)
2022-09-11 15:46:04.181  INFO 2027 --- [http-nio-8080-exec-10] c.c.s.S.dao.FaceDataDaoJDBC              : 업로드 성공
2022-09-11 15:46:04.181  INFO 2027 --- [http-nio-8080-exec-10] c.c.s.S.dao.FaceDataDaoJDBC              : Tue May 10 2022 15:45:42 GMT+0900 (한국 표준시)
2022-09-11 15:46:04.186  INFO 2027 --- [http-nio-8080-exec-10] c.c.s.S.dao.FaceDataDaoJDBC              : 업로드 성공
2022-09-11 15:46:04.187  INFO 2027 --- [http-nio-8080-exec-10] c.c.s.S.dao.FaceDataDaoJDBC              : Tue May 10 2022 15:45:42 GMT+0900 (한국 표준시)
2022-09-11 15:46:04.198  INFO 2027 --- [http-nio-8080-exec-10] c.c.s.S.dao.FaceDataDaoJDBC              : 업로드 성공
2022-09-11 15:46:04.201  INFO 2027 --- [http-nio-8080-exec-10] c.c.s.S.dao.FaceDataDaoJDBC              : Tue May 10 2022 15:45:42 GMT+0900 (한국 표준시)
2022-09-11 15:46:04.205  INFO 2027 --- [http-nio-8080-exec-10] c.c.s.S.dao.FaceDataDaoJDBC              : 업로드 성공
2022-09-11 15:46:04.206  INFO 2027 --- [http-nio-8080-exec-10] c.c.s.S.dao.FaceDataDaoJDBC              : Tue May 10 2022 15:45:42 GMT+0900 (한국 표준시)
2022-09-11 15:46:04.213  INFO 2027 --- [http-nio-8080-exec-10] c.c.s.S.dao.FaceDataDaoJDBC              : 업로드 성공
2022-09-11 15:47:56.298  INFO 2027 --- [http-nio-8080-exec-1] c.c.s.controller.MainServiceController   : uploaded bygangfunction@gmail.com
2022-09-11 15:47:56.300  INFO 2027 --- [http-nio-8080-exec-1] c.c.s.controller.MainServiceController   : startDateTue May 03 2022 15:46:46 GMT+0900 (한국 표준시)
2022-09-11 15:47:56.331  INFO 2027 --- [http-nio-8080-exec-3] c.c.s.controller.MainServiceController   : Face Detection is in Progress
2022-09-11 15:47:56.331  INFO 2027 --- [http-nio-8080-exec-3] c.c.s.controller.MainServiceController   : Received message
2022-09-11 15:47:56.344  INFO 2027 --- [http-nio-8080-exec-1] c.c.s.S.dao.FaceDataDaoJDBC              : Tue May 03 2022 15:46:46 GMT+0900 (한국 표준시)
2022-09-11 15:47:56.360  INFO 2027 --- [http-nio-8080-exec-1] c.c.s.S.dao.FaceDataDaoJDBC              : 업로드 성공
2022-09-11 15:47:56.361  INFO 2027 --- [http-nio-8080-exec-1] c.c.s.S.dao.FaceDataDaoJDBC              : Tue May 03 2022 15:46:46 GMT+0900 (한국 표준시)
2022-09-11 15:47:56.371  INFO 2027 --- [http-nio-8080-exec-1] c.c.s.S.dao.FaceDataDaoJDBC              : 업로드 성공
2022-09-11 15:47:56.371  INFO 2027 --- [http-nio-8080-exec-1] c.c.s.S.dao.FaceDataDaoJDBC              : Tue May 03 2022 15:46:46 GMT+0900 (한국 표준시)
2022-09-11 15:47:56.374  INFO 2027 --- [http-nio-8080-exec-1] c.c.s.S.dao.FaceDataDaoJDBC              : 업로드 성공
2022-09-11 15:47:56.374  INFO 2027 --- [http-nio-8080-exec-1] c.c.s.S.dao.FaceDataDaoJDBC              : Tue May 03 2022 15:46:46 GMT+0900 (한국 표준시)
2022-09-11 15:47:56.384  INFO 2027 --- [http-nio-8080-exec-1] c.c.s.S.dao.FaceDataDaoJDBC              : 업로드 성공
2022-09-11 15:47:56.384  INFO 2027 --- [http-nio-8080-exec-1] c.c.s.S.dao.FaceDataDaoJDBC              : Tue May 03 2022 15:46:46 GMT+0900 (한국 표준시)
2022-09-11 15:47:56.389  INFO 2027 --- [http-nio-8080-exec-1] c.c.s.S.dao.FaceDataDaoJDBC              : 업로드 성공
2022-09-11 15:47:56.390  INFO 2027 --- [http-nio-8080-exec-1] c.c.s.S.dao.FaceDataDaoJDBC              : Tue May 03 2022 15:46:46 GMT+0900 (한국 표준시)
2022-09-11 15:47:56.397  INFO 2027 --- [http-nio-8080-exec-1] c.c.s.S.dao.FaceDataDaoJDBC              : 업로드 성공
2022-09-11 15:47:56.397  INFO 2027 --- [http-nio-8080-exec-1] c.c.s.S.dao.FaceDataDaoJDBC              : Tue May 03 2022 15:46:46 GMT+0900 (한국 표준시)
2022-09-11 15:47:56.406  INFO 2027 --- [http-nio-8080-exec-1] c.c.s.S.dao.FaceDataDaoJDBC              : 업로드 성공
2022-09-11 15:49:20.741  INFO 2027 --- [http-nio-8080-exec-7] c.c.s.controller.MainServiceController   : uploaded bygangfunction@gmail.com
2022-09-11 15:49:20.742  INFO 2027 --- [http-nio-8080-exec-7] c.c.s.controller.MainServiceController   : startDateWed Apr 06 2022 15:48:22 GMT+0900 (한국 표준시)
2022-09-11 15:49:25.750  INFO 2027 --- [http-nio-8080-exec-7] c.c.s.S.dao.FaceDataDaoJDBC              : Wed Apr 06 2022 15:48:22 GMT+0900 (한국 표준시)
2022-09-11 15:49:25.760  INFO 2027 --- [http-nio-8080-exec-7] c.c.s.S.dao.FaceDataDaoJDBC              : 업로드 성공
2022-09-11 15:49:25.760  INFO 2027 --- [http-nio-8080-exec-7] c.c.s.S.dao.FaceDataDaoJDBC              : Wed Apr 06 2022 15:48:22 GMT+0900 (한국 표준시)
2022-09-11 15:49:25.773  INFO 2027 --- [http-nio-8080-exec-7] c.c.s.S.dao.FaceDataDaoJDBC              : 업로드 성공
2022-09-11 15:49:25.774  INFO 2027 --- [http-nio-8080-exec-7] c.c.s.S.dao.FaceDataDaoJDBC              : Wed Apr 06 2022 15:48:22 GMT+0900 (한국 표준시)
2022-09-11 15:49:25.777  INFO 2027 --- [http-nio-8080-exec-7] c.c.s.S.dao.FaceDataDaoJDBC              : 업로드 성공
2022-09-11 15:49:25.777  INFO 2027 --- [http-nio-8080-exec-7] c.c.s.S.dao.FaceDataDaoJDBC              : Wed Apr 06 2022 15:48:22 GMT+0900 (한국 표준시)
2022-09-11 15:49:25.787  INFO 2027 --- [http-nio-8080-exec-7] c.c.s.S.dao.FaceDataDaoJDBC              : 업로드 성공
2022-09-11 15:49:25.787  INFO 2027 --- [http-nio-8080-exec-7] c.c.s.S.dao.FaceDataDaoJDBC              : Wed Apr 06 2022 15:48:22 GMT+0900 (한국 표준시)
2022-09-11 15:49:25.795  INFO 2027 --- [http-nio-8080-exec-7] c.c.s.S.dao.FaceDataDaoJDBC              : 업로드 성공
2022-09-11 15:49:25.798  INFO 2027 --- [http-nio-8080-exec-7] c.c.s.S.dao.FaceDataDaoJDBC              : Wed Apr 06 2022 15:48:22 GMT+0900 (한국 표준시)
2022-09-11 15:49:25.811  INFO 2027 --- [http-nio-8080-exec-7] c.c.s.S.dao.FaceDataDaoJDBC              : 업로드 성공
2022-09-11 15:49:25.811  INFO 2027 --- [http-nio-8080-exec-7] c.c.s.S.dao.FaceDataDaoJDBC              : Wed Apr 06 2022 15:48:22 GMT+0900 (한국 표준시)
2022-09-11 15:49:25.814  INFO 2027 --- [http-nio-8080-exec-7] c.c.s.S.dao.FaceDataDaoJDBC              : 업로드 성공
